
> rakshak-ai@1.0.0 build
> next build

  Γû▓ Next.js 14.2.35

   Creating an optimized production build ...
 Γ£ô Compiled successfully
   Linting and checking validity of types ...
   Collecting page data ...
   Generating static pages (0/10) ...
   Generating static pages (2/10) 
   Generating static pages (4/10) 
   Generating static pages (7/10) 
 Γ£ô Generating static pages (10/10)
   Finalizing page optimization ...
   Collecting build traces ...

Route (app)                              Size     First Load JS
Γöî Γùï /                                    3.05 kB         108 kB
Γö£ Γùï /_not-found                          873 B          88.3 kB
Γö£ Γùï /about                               1.3 kB         97.5 kB
Γö£ ╞Æ /api/analyze                         0 B                0 B
Γö£ Γùï /check                               8 kB            104 kB
Γö£ Γùï /dashboard                           1.66 kB         113 kB
Γö£ Γùï /learn                               5.59 kB         108 kB
Γöö Γùï /report                              1.19 kB        97.4 kB
+ First Load JS shared by all            87.4 kB
  Γö£ chunks/117-ccb1cf998f8e5f9d.js       31.7 kB
  Γö£ chunks/fd9d1056-2ed264520dd444ed.js  53.6 kB
  Γöö other shared chunks (total)          2.04 kB


Γùï  (Static)   prerendered as static content
╞Æ  (Dynamic)  server-rendered on demand

